<?xml version="1.0" encoding="UTF-8"?>
<testsuite xmlns:xsi="http://www.w3.org/2001/XMLSchema-instance" xsi:noNamespaceSchemaLocation="https://maven.apache.org/surefire/maven-surefire-plugin/xsd/surefire-test-report-3.0.xsd" version="3.0" name="TestSuite" time="8.09" tests="1" errors="0" skipped="0" failures="0">
  <properties>
[...]
</properties>
  <testcase name="getRequest" classname="testAutomation.restAssuredTesting.GetRequestTest" time="7.018">
    <system-out><![CDATA[Response code is: 200
Response Body: {"envelope":{"version":"1.0","name":"viacom-standard-json"},"status":{"text":"OK","code":100},"messages":{"notices":[]},"generated":"2020-08-22T10:04:14.612461Z","data":{"appConfiguration":{"id":"01ca4950-0e6f-43e8-9a38-550549a12f67","urlKey":"01ca4950-0e6f-43e8-9a38-550549a12f67","customerSupportEmail":"BETPlus-support@bet.com","endpointUrls":{"propertyByUrlKey":"https://neutron-api.viacom.tech/feeds/networkapp/intl/property/2.3?urlKey={urlKey}&type={entityType}&region=US&brand=betplus&platform=android&version=52.7.6"},"searchTypes":["series","movie"],"templateZones":{},"screens":[{"screen":{"id":"mgid:arc:page:betplus.com:3d9886e3-03b9-4ee9-89a3-ed924cfb5e17","name":"adult","type":"adult","templateType":null,"pageType":"adult","url":"https://neutron-api.viacom.tech/feeds/networkapp/intl/screen/2.3/mgid:arc:page:betplus.com:3d9886e3-03b9-4ee9-89a3-ed924cfb5e17?region=US&brand=betplus&platform=android&version=52.7.6"}},{"screen":{"id":"mgid:arc:page:betplus.com:82b946b0-315b-475e-a244-cd9883eb5baf","name":"search","type":"search","templateType":null,"pageType":"search","url":"https://neutron-api.viacom.tech/feeds/networkapp/intl/screen/2.3/mgid:arc:page:betplus.com:82b946b0-315b-475e-a244-cd9883eb5baf?region=US&brand=betplus&platform=android&version=52.7.6"}}],"authOptions":{"mvpd":{"enabled":false},"inAppPurchase":{"products":[{"productId":"betplus_monthly_prod_999_subscription","subscriptionPeriod":30,"trialPeriod":7,"buttonText":"Start Your Free Trial"}]}},"ageGatePass":18,"contentBuckets":{},"eventCollector":{"brand":"bet","appName":"betplus","mainUrl":"https://events-collector-api.viacom.tech","deletePathsFromEvent":[],"videoHeartbeatInterval":15},"accentColor":"{hashColorValue}","appName":"betplus_android_live_US","pageSize":30,"showOnboarding":"alwaysWhenUnauthorized","videoPlayerAutoHideTime":5,"videoMGID":"mgid:arc:video:betplus.com:","episodeMGID":"mgid:arc:episode:betplus.com:","movieMGID":"mgid:arc:movie:betplus.com:","playlistMGID":"mgid:arc:playlist:betplus.com:","seriesMGID":"mgid:arc:series:betplus.com:","eventMGID":"mgid:arc:event:betplus.com:","liveMGID":"mgid:arc:live:betplus.com:","imageMGID":"mgid:arc:content:betplus.com:","ebookMGID":"mgid:arc:ebook:betplus.com:","videogameMGID":"mgid:arc:videogame:betplus.com:","imageServer":"https://bet.mtvnimages.com/uri/","imageEP":"shared.betplus.us","imageStage":"live","backgroundServiceURL":null,"backgroundServiceEP":null,"backgroundServiceVideoEnabled":true,"gdprEnabled":false,"displayLocksEnabled":true,"moatEnabled":false,"rokuMarketingFrameworkEnabled":false,"marketingEnabled":false,"searchServiceEnabled":true,"searchPredictiveServiceEnabled":true,"voiceControlEnabled":false,"airplayEnabled":true,"chromeCastEnabled":true,"apptentiveEnabled":true,"helpshiftEnabled":true,"displayTVEPromptAtStartup":false,"displayLiveTVForAllUsers":false,"tveAuthenticationEnabled":true,"canSkipSubscriptionScreen":false,"euDsmEnabled":false,"enabledBrands":[{"brandName":"bet","brandType":"adult","imageUrl":"https://bet.mtvnimages.com/uri/mgid:arc:content:shared.betplus.us:a194ab4a-2e07-460b-ae4c-43e6127068a7?quality=0.7","selectedImageUrl":"https://bet.mtvnimages.com/uri/mgid:arc:content:shared.betplus.us:73a079fb-de85-409b-9cb1-b9113e1ae852?quality=0.7","imageHighlightColor":"#141414"}],"appsFlyerEnabled":false,"uvpPlayerEnabled":false,"upNextOverlayEnabled":false,"fetchPlayheads":true,"adjustEnabled":true,"principalEnabled":false,"facebookAnalyticsEnabled":false,"brazeEnabled":false,"clipPrerollsEnabled":true,"allShowsEnabled":false,"tuneEnabled":true,"shortForm":false,"refundFaqUrl":null,"propertyFeedUrl":"https://neutron-api.viacom.tech/feeds/networkapp/intl/property/2.3/{id}?region=US&brand=betplus&platform=android&version=52.7.6","abTestsNotifyUrl":"https://neutron-api.viacom.tech/abtests/notify/2.3","contentItemsUrl":"https://neutron-api.viacom.tech/feeds/networkapp/intl/content-items/2.3?region=US&brand=betplus&platform=android&version=52.7.6&ids={ids}","availabilityServiceUrl":"","trendingSearchUrl":"","abTestsPrefetchUrl":"https://neutron-api.viacom.tech/abtests/prefetch/2.3?region=US&brand=betplus&platform=android&version=52.7.6&authSessionId={authSessionId}","searchServiceUrl":"https://neutron-api.viacom.tech/feeds/networkapp/intl/search/2.3?region=US&brand=betplus&platform=android&version=52.7.6&q={searchTerm}&types={types}&pageNumber={page}&pageSize={pageSize}","searchPredictiveServiceUrl":"https://neutron-api.viacom.tech/feeds/networkapp/intl/search/typeahead/2.3?region=US&brand=betplus&platform=android&version=52.7.6&q={searchTerm}","closedCaptionSupportUrl":"https://neutron-api.viacom.tech/feeds/networkapp/intl/module/2.3/mgid:arc:zone:betplus.com:84c33e38-542d-486d-990e-e8279e6c568f?region=US&brand=betplus&platform=android&version=52.7.6","adChoicesDisclosureUrl":null,"tvRatingsUrl":"https://neutron-api.viacom.tech/feeds/networkapp/intl/module/2.3/mgid:arc:zone:betplus.com:a3f71724-a2d3-441d-bc23-fb71b09cf54c?region=US&brand=betplus&platform=android&version=52.7.6","ratingsRegulationUrl":null,"privacyPolicyUrl":"https://neutron-api.viacom.tech/feeds/networkapp/intl/module/2.3/mgid:arc:zone:betplus.com:f8f25d0e-0e14-49a0-8183-e75e76a6351e?region=US&brand=betplus&platform=android&version=52.7.6","privacyPolicyChangesUrl":"https://neutron-api.viacom.tech/feeds/networkapp/intl/module/2.3/mgid:arc:zone:betplus.com:8ce8130f-e425-4a20-bb3c-4acc2847c96b?region=US&brand=betplus&platform=android&version=52.7.6","privacyPolicyFaqsUrl":"https://neutron-api.viacom.tech/feeds/networkapp/intl/module/2.3/mgid:arc:zone:betplus.com:36beb3d8-727b-4397-8bc8-63d9f30bf66a?region=US&brand=betplus&platform=android&version=52.7.6","termsOfServiceUrl":"https://neutron-api.viacom.tech/feeds/networkapp/intl/module/2.3/mgid:arc:zone:betplus.com:12887703-ec3a-4a09-9177-25acdef283d5?region=US&brand=betplus&platform=android&version=52.7.6","copyrightNoticeUrl":"https://neutron-api.viacom.tech/feeds/networkapp/intl/module/2.3/mgid:arc:zone:betplus.com:584c2d96-cdfa-445d-aa92-d2a72a8ca697?region=US&brand=betplus&platform=android&version=52.7.6","eulaUrl":null,"balaLatestUpdatedTimeStamp":1577836800}}}
[series, movie] List contains series word
]]></system-out>
  </testcase>
</testsuite>